<?xml version="1.0" encoding="UTF-8"?>
<!-- Generated by org.testng.reporters.JUnitReportReporter -->
<testsuite hostname="Abi" failures="0" tests="9" name="com.testcase.PutEmployeeRecord" time="0.045" errors="0" timestamp="28 May 2020 21:34:24 GMT" skipped="0">
  <testcase classname="com.testcase.PutEmployeeRecord" name="checkContentEncoding" time="0.006"/>
  <testcase classname="com.testcase.PutEmployeeRecord" name="checkResponsetime" time="0.004"/>
  <testcase classname="com.testcase.PutEmployeeRecord" name="getallheaders" time="0.006"/>
  <testcase classname="com.testcase.PutEmployeeRecord" name="checkResponseBody" time="0.005"/>
  <testcase classname="com.testcase.PutEmployeeRecord" name="checkServertype" time="0.009"/>
  <testcase classname="com.testcase.PutEmployeeRecord" name="checkcookies" time="0.003"/>
  <testcase classname="com.testcase.PutEmployeeRecord" name="checkContenttype" time="0.004"/>
  <testcase classname="com.testcase.PutEmployeeRecord" name="checkStatusline" time="0.004"/>
  <testcase classname="com.testcase.PutEmployeeRecord" name="checkStatuscode" time="0.004"/>
</testsuite> <!-- com.testcase.PutEmployeeRecord -->
