<?xml version="1.0" encoding="UTF-8"?>
<!-- Generated by org.testng.reporters.JUnitReportReporter -->
<testsuite hostname="Abi" failures="0" tests="9" name="com.testcase.GetSingleemployeeRecord" time="0.051" errors="0" timestamp="28 May 2020 21:34:24 GMT" skipped="0">
  <testcase classname="com.testcase.GetSingleemployeeRecord" name="checkcookies" time="0.004"/>
  <testcase classname="com.testcase.GetSingleemployeeRecord" name="checkStatusline" time="0.003"/>
  <testcase classname="com.testcase.GetSingleemployeeRecord" name="checkContentEncoding" time="0.008"/>
  <testcase classname="com.testcase.GetSingleemployeeRecord" name="checkServertype" time="0.003"/>
  <testcase classname="com.testcase.GetSingleemployeeRecord" name="checkResponseBody" time="0.010"/>
  <testcase classname="com.testcase.GetSingleemployeeRecord" name="checkResponsetime" time="0.005"/>
  <testcase classname="com.testcase.GetSingleemployeeRecord" name="checkContenttype" time="0.008"/>
  <testcase classname="com.testcase.GetSingleemployeeRecord" name="getallheaders" time="0.007"/>
  <testcase classname="com.testcase.GetSingleemployeeRecord" name="checkStatuscode" time="0.003"/>
</testsuite> <!-- com.testcase.GetSingleemployeeRecord -->
