<?xml version="1.0" encoding="UTF-8"?>
<!-- Generated by org.testng.reporters.JUnitReportReporter -->
<testsuite hostname="Abi" failures="0" tests="9" name="com.testcase.DeleteRecord" time="0.316" errors="0" timestamp="28 May 2020 21:34:24 GMT" skipped="0">
  <testcase classname="com.testcase.DeleteRecord" name="checkStatusline" time="0.058"/>
  <testcase classname="com.testcase.DeleteRecord" name="checkServertype" time="0.035"/>
  <testcase classname="com.testcase.DeleteRecord" name="checkcookies" time="0.010"/>
  <testcase classname="com.testcase.DeleteRecord" name="checkContenttype" time="0.007"/>
  <testcase classname="com.testcase.DeleteRecord" name="checkStatuscode" time="0.013"/>
  <testcase classname="com.testcase.DeleteRecord" name="getallheaders" time="0.011"/>
  <testcase classname="com.testcase.DeleteRecord" name="checkContentEncoding" time="0.085"/>
  <testcase classname="com.testcase.DeleteRecord" name="checkResponseBody" time="0.084"/>
  <testcase classname="com.testcase.DeleteRecord" name="checkResponsetime" time="0.013"/>
</testsuite> <!-- com.testcase.DeleteRecord -->
