<?xml version="1.0" encoding="UTF-8"?>
<!-- Generated by org.testng.reporters.JUnitReportReporter -->
<testsuite hostname="Abi" failures="0" tests="9" name="com.testcase.GetAllEmployees" time="0.040" errors="0" timestamp="28 May 2020 21:34:24 GMT" skipped="0">
  <testcase classname="com.testcase.GetAllEmployees" name="checkResponseBody" time="0.007"/>
  <testcase classname="com.testcase.GetAllEmployees" name="checkContentEncoding" time="0.006"/>
  <testcase classname="com.testcase.GetAllEmployees" name="checkStatusline" time="0.002"/>
  <testcase classname="com.testcase.GetAllEmployees" name="checkServertype" time="0.003"/>
  <testcase classname="com.testcase.GetAllEmployees" name="checkcookies" time="0.003"/>
  <testcase classname="com.testcase.GetAllEmployees" name="getallheaders" time="0.009"/>
  <testcase classname="com.testcase.GetAllEmployees" name="checkResponsetime" time="0.003"/>
  <testcase classname="com.testcase.GetAllEmployees" name="checkStatuscode" time="0.004"/>
  <testcase classname="com.testcase.GetAllEmployees" name="checkContenttype" time="0.003"/>
</testsuite> <!-- com.testcase.GetAllEmployees -->
